<?xml version="1.0" encoding="UTF-8"?>
<testng-results ignored="0" total="1" passed="1" failed="0" skipped="0">
  <reporter-output>
  </reporter-output>
  <suite started-at="2024-04-19T20:42:12 IST" name="Default suite" finished-at="2024-04-19T20:43:02 IST" duration-ms="50353">
    <groups>
    </groups>
    <test started-at="2024-04-19T20:42:12 IST" name="Default test" finished-at="2024-04-19T20:43:02 IST" duration-ms="50353">
      <class name="TenAssignments9April.AvedaTest">
        <test-method signature="selectAllProducts()[pri:0, instance:TenAssignments9April.AvedaTest@2925bf5b]" started-at="2024-04-19T20:42:12 IST" name="selectAllProducts" finished-at="2024-04-19T20:43:02 IST" duration-ms="50196" status="PASS">
          <reporter-output>
          </reporter-output>
        </test-method> <!-- selectAllProducts -->
      </class> <!-- TenAssignments9April.AvedaTest -->
    </test> <!-- Default test -->
  </suite> <!-- Default suite -->
</testng-results>
