<?xml version="1.0" encoding="UTF-8"?>
<testng-results ignored="0" total="1" passed="1" failed="0" skipped="0">
  <reporter-output>
  </reporter-output>
  <suite started-at="2024-04-16T15:51:49 IST" name="Default suite" finished-at="2024-04-16T15:52:45 IST" duration-ms="56149">
    <groups>
    </groups>
    <test started-at="2024-04-16T15:51:49 IST" name="Default test" finished-at="2024-04-16T15:52:45 IST" duration-ms="56149">
      <class name="TenAssignments9April.CloseTheNthWindow">
        <test-method signature="closeTheNthWindow()[pri:0, instance:TenAssignments9April.CloseTheNthWindow@45c7e403]" started-at="2024-04-16T15:51:49 IST" name="closeTheNthWindow" finished-at="2024-04-16T15:52:45 IST" duration-ms="56042" status="PASS">
          <reporter-output>
          </reporter-output>
        </test-method> <!-- closeTheNthWindow -->
      </class> <!-- TenAssignments9April.CloseTheNthWindow -->
    </test> <!-- Default test -->
  </suite> <!-- Default suite -->
</testng-results>
